<?xml version="1.0" encoding="UTF-8"?>
<!-- Generated by org.testng.reporters.JUnitReportReporter -->
<testsuite hostname="DESKTOP-VNBRP91" failures="0" tests="1" name="testcomponents.Test" time="24.917" errors="0" timestamp="2024-06-15T23:26:14 IST" skipped="0">
  <testcase classname="testcomponents.Test" name="testSignup" time="24.917"/>
  <system-out/>
</testsuite> <!-- testcomponents.Test -->
