<?xml version="1.0" encoding="UTF-8"?>
<!-- Generated by org.testng.reporters.JUnitReportReporter -->
<testsuite hostname="DESKTOP-VNBRP91" failures="0" tests="1" name="testcomponents.SignupTest" time="10.569" errors="0" timestamp="2024-07-04T19:30:15 IST" skipped="0">
  <testcase classname="testcomponents.SignupTest" name="testSignup" time="10.569"/>
  <system-out/>
</testsuite> <!-- testcomponents.SignupTest -->
