<?xml version="1.0" encoding="UTF-8"?>
<!-- Generated by org.testng.reporters.JUnitReportReporter -->
<testsuite hostname="DESKTOP-VNBRP91" failures="0" tests="1" name="testcomponents.MenuValidationTest" time="73.027" errors="0" timestamp="2024-07-04T19:30:15 IST" skipped="0">
  <testcase classname="testcomponents.MenuValidationTest" name="testMenuValidation" time="73.027"/>
  <system-out/>
</testsuite> <!-- testcomponents.MenuValidationTest -->
