<?xml version="1.0" encoding="UTF-8"?>
<!-- Generated by org.testng.reporters.JUnitReportReporter -->
<testsuite hostname="DESKTOP-VNBRP91" failures="0" tests="4" name="testcomponents.LoginTest" time="52.331" errors="0" timestamp="2024-07-04T19:30:15 IST" skipped="0">
  <testcase classname="testcomponents.LoginTest" name="testLogin" time="11.188"/>
  <system-out/>
  <testcase classname="testcomponents.LoginTest" name="testLogin" time="13.933"/>
  <system-out/>
  <testcase classname="testcomponents.LoginTest" name="testLogin" time="15.196"/>
  <system-out/>
  <testcase classname="testcomponents.LoginTest" name="testLogin" time="12.014"/>
  <system-out/>
</testsuite> <!-- testcomponents.LoginTest -->
