<?xml version="1.0" encoding="UTF-8"?>
<!-- Generated by org.testng.reporters.JUnitReportReporter -->
<testsuite hostname="DESKTOP-VNBRP91" failures="0" tests="1" name="testcomponents.ValidateBottomLink" time="160.680" errors="0" timestamp="2024-06-27T22:09:07 IST" skipped="0">
  <testcase classname="testcomponents.ValidateBottomLink" name="testBottomVerifyLink" time="160.680"/>
  <system-out/>
</testsuite> <!-- testcomponents.ValidateBottomLink -->
