<?xml version="1.0" encoding="UTF-8"?>
<!-- Generated by org.testng.reporters.JUnitReportReporter -->
<testsuite hostname="DESKTOP-VNBRP91" failures="0" tests="1" name="testcomponents.MenuValidationTest" time="74.867" errors="0" timestamp="2024-07-05T17:11:10 IST" skipped="0">
  <testcase classname="testcomponents.MenuValidationTest" name="testMenuValidation" time="74.867"/>
  <system-out/>
</testsuite> <!-- testcomponents.MenuValidationTest -->
