<?xml version="1.0" encoding="UTF-8"?>
<!-- Generated by org.testng.reporters.JUnitReportReporter -->
<testsuite hostname="DESKTOP-VNBRP91" failures="0" tests="4" name="testcomponents.LoginTest" time="49.599" errors="0" timestamp="2024-07-05T17:11:10 IST" skipped="0">
  <testcase classname="testcomponents.LoginTest" name="testLogin" time="12.284"/>
  <system-out/>
  <testcase classname="testcomponents.LoginTest" name="testLogin" time="13.599"/>
  <system-out/>
  <testcase classname="testcomponents.LoginTest" name="testLogin" time="11.663"/>
  <system-out/>
  <testcase classname="testcomponents.LoginTest" name="testLogin" time="12.053"/>
  <system-out/>
</testsuite> <!-- testcomponents.LoginTest -->
