<?xml version="1.0" encoding="UTF-8"?>
<!-- Generated by org.testng.reporters.JUnitReportReporter -->
<testsuite hostname="DESKTOP-VNBRP91" failures="0" tests="1" name="testcomponents.ValidateBottomLinkTest" time="90.386" errors="0" timestamp="2024-07-05T17:11:10 IST" skipped="0">
  <testcase classname="testcomponents.ValidateBottomLinkTest" name="testBottomVerifyLink" time="90.386"/>
  <system-out/>
</testsuite> <!-- testcomponents.ValidateBottomLinkTest -->
