<?xml version="1.0" encoding="UTF-8"?>
<!-- Generated by org.testng.reporters.JUnitReportReporter -->
<testsuite hostname="DESKTOP-VNBRP91" failures="0" tests="1" name="testcomponents.ShopByDeptTest" time="33.135" errors="0" timestamp="2024-07-05T17:11:10 IST" skipped="0">
  <testcase classname="testcomponents.ShopByDeptTest" name="testShopByDept" time="33.135"/>
  <system-out/>
</testsuite> <!-- testcomponents.ShopByDeptTest -->
